<?xml version="1.0" encoding="UTF-8"?>
<!-- Generated by org.testng.reporters.JUnitReportReporter -->
<testsuite hostname="IN-J7W0BK3" failures="0" tests="6" name="Test_cases.CardTests" time="6.060" errors="0" timestamp="2022-07-09T21:53:13 IST" skipped="0">
  <testcase classname="Test_cases.CardTests" name="create_card" time="2.393"/>
  <system-out/>
  <testcase classname="Test_cases.CardTests" name="updateCard" time="1.044"/>
  <system-out/>
  <testcase classname="Test_cases.CardTests" name="getCard" time="0.617"/>
  <system-out/>
  <testcase classname="Test_cases.CardTests" name="create_a_new_label" time="0.714"/>
  <system-out/>
  <testcase classname="Test_cases.CardTests" name="deleteLabel" time="0.609"/>
  <system-out/>
  <testcase classname="Test_cases.CardTests" name="deleteCard" time="0.683"/>
  <system-out/>
</testsuite> <!-- Test_cases.CardTests -->
