<?xml version="1.0" encoding="UTF-8"?>
<!-- Generated by org.testng.reporters.JUnitReportReporter -->
<testsuite hostname="IN-J7W0BK3" failures="0" tests="4" name="Test_cases.BoardTests" time="2.897" errors="0" timestamp="2022-07-09T21:53:13 IST" skipped="0">
  <testcase classname="Test_cases.BoardTests" name="create_board" time="0.760"/>
  <system-out/>
  <testcase classname="Test_cases.BoardTests" name="update_board" time="0.601"/>
  <system-out/>
  <testcase classname="Test_cases.BoardTests" name="get_board" time="0.613"/>
  <system-out/>
  <testcase classname="Test_cases.BoardTests" name="delete_board" time="0.923"/>
  <system-out/>
</testsuite> <!-- Test_cases.BoardTests -->
