<?xml version="1.0" encoding="UTF-8"?>
<!-- Generated by org.testng.reporters.JUnitReportReporter -->
<testsuite hostname="IN-J7W0BK3" failures="0" tests="5" name="Test_cases.CheckListTests" time="3.638" errors="0" timestamp="2022-07-09T21:53:14 IST" skipped="0">
  <testcase classname="Test_cases.CheckListTests" name="createChecklist" time="0.627"/>
  <system-out/>
  <testcase classname="Test_cases.CheckListTests" name="updateCheckList" time="1.004"/>
  <system-out/>
  <testcase classname="Test_cases.CheckListTests" name="getCheckList" time="0.612"/>
  <system-out/>
  <testcase classname="Test_cases.CheckListTests" name="getTheCardAChecklistIsOn" time="0.614"/>
  <system-out/>
  <testcase classname="Test_cases.CheckListTests" name="deleteCheckList" time="0.781"/>
  <system-out/>
</testsuite> <!-- Test_cases.CheckListTests -->
