<?xml version="1.0" encoding="UTF-8"?>
<!-- Generated by org.testng.reporters.JUnitReportReporter -->
<testsuite hostname="IN-F01M2J3" failures="0" tests="6" name="Test_cases.CardTests" time="4.665" errors="0" timestamp="08 Jul 2022 17:00:47 GMT" skipped="0">
  <testcase classname="Test_cases.CardTests" name="create_card" time="0.889"/>
  <testcase classname="Test_cases.CardTests" name="updateCard" time="0.738"/>
  <testcase classname="Test_cases.CardTests" name="getCard" time="0.846"/>
  <testcase classname="Test_cases.CardTests" name="create_a_new_label" time="0.814"/>
  <testcase classname="Test_cases.CardTests" name="deleteLabel" time="0.674"/>
  <testcase classname="Test_cases.CardTests" name="deleteCard" time="0.704"/>
</testsuite> <!-- Test_cases.CardTests -->
