<?xml version="1.0" encoding="UTF-8"?>
<!-- Generated by org.testng.reporters.JUnitReportReporter -->
<testsuite hostname="IN-F01M2J3" failures="0" tests="4" name="Test_cases.BoardTests" time="5.313" errors="0" timestamp="08 Jul 2022 17:00:47 GMT" skipped="0">
  <testcase classname="Test_cases.BoardTests" name="create_board" time="2.518"/>
  <testcase classname="Test_cases.BoardTests" name="update_board" time="0.736"/>
  <testcase classname="Test_cases.BoardTests" name="get_board" time="1.172"/>
  <testcase classname="Test_cases.BoardTests" name="delete_board" time="0.887"/>
</testsuite> <!-- Test_cases.BoardTests -->
